<?xml version="1.0" encoding="UTF-8"?>
<testng-results ignored="0" total="0" passed="0" failed="0" skipped="0">
  <reporter-output>
  </reporter-output>
  <suite started-at="2024-04-03T14:31:47Z" name="Default suite" finished-at="2024-04-03T14:31:48Z" duration-ms="1026">
    <groups>
    </groups>
    <test started-at="2024-04-03T14:31:47Z" name="Default test" finished-at="2024-04-03T14:31:48Z" duration-ms="1026">
      <class name="restassured.playground.BestBuyAPITests">
        <test-method is-config="true" signature="beforeSuite()[pri:0, instance:restassured.playground.BestBuyAPITests@48bb62]" started-at="2024-04-03T14:31:46Z" name="beforeSuite" finished-at="2024-04-03T14:31:47Z" duration-ms="1152" status="PASS">
          <reporter-output>
          </reporter-output>
        </test-method> <!-- beforeSuite -->
      </class> <!-- restassured.playground.BestBuyAPITests -->
    </test> <!-- Default test -->
  </suite> <!-- Default suite -->
</testng-results>
